2017-06-19 06:48:01 [::1][-][-][error][yii\db\Exception] PDOException: SQLSTATE[HY000] [1049] Unknown database 'yii2basic' in C:\xampp\htdocs\rspg\vendor\yiisoft\yii2\db\Connection.php:646
Stack trace:
#0 C:\xampp\htdocs\rspg\vendor\yiisoft\yii2\db\Connection.php(646): PDO->__construct('mysql:host=loca...', 'root', '', NULL)
#1 C:\xampp\htdocs\rspg\vendor\yiisoft\yii2\db\Connection.php(579): yii\db\Connection->createPdoInstance()
#2 C:\xampp\htdocs\rspg\vendor\yiisoft\yii2\db\Connection.php(928): yii\db\Connection->open()
#3 C:\xampp\htdocs\rspg\vendor\yiisoft\yii2\db\Connection.php(915): yii\db\Connection->getMasterPdo()
#4 C:\xampp\htdocs\rspg\vendor\yiisoft\yii2\db\Command.php(219): yii\db\Connection->getSlavePdo()
#5 C:\xampp\htdocs\rspg\vendor\yiisoft\yii2\db\Command.php(910): yii\db\Command->prepare(true)
#6 C:\xampp\htdocs\rspg\vendor\yiisoft\yii2\db\Command.php(362): yii\db\Command->queryInternal('fetchAll', NULL)
#7 C:\xampp\htdocs\rspg\vendor\yiisoft\yii2\db\mysql\Schema.php(199): yii\db\Command->queryAll()
#8 C:\xampp\htdocs\rspg\vendor\yiisoft\yii2\db\mysql\Schema.php(98): yii\db\mysql\Schema->findColumns(Object(yii\db\TableSchema))
#9 C:\xampp\htdocs\rspg\vendor\yiisoft\yii2\db\Schema.php(152): yii\db\mysql\Schema->loadTableSchema('test')
#10 C:\xampp\htdocs\rspg\vendor\yiisoft\yii2\db\ActiveRecord.php(330): yii\db\Schema->getTableSchema('test')
#11 C:\xampp\htdocs\rspg\vendor\yiisoft\yii2\db\ActiveRecord.php(364): yii\db\ActiveRecord::getTableSchema()
#12 C:\xampp\htdocs\rspg\vendor\yiisoft\yii2\db\BaseActiveRecord.php(472): yii\db\ActiveRecord->attributes()
#13 C:\xampp\htdocs\rspg\vendor\yiisoft\yii2\db\BaseActiveRecord.php(279): yii\db\BaseActiveRecord->hasAttribute('id')
#14 C:\xampp\htdocs\rspg\vendor\yiisoft\yii2\validators\Validator.php(263): yii\db\BaseActiveRecord->__get('id')
#15 C:\xampp\htdocs\rspg\vendor\yiisoft\yii2\base\Model.php(358): yii\validators\Validator->validateAttributes(Object(app\models\TestSearch), Array)
#16 C:\xampp\htdocs\rspg\models\TestSearch.php(54): yii\base\Model->validate()
#17 C:\xampp\htdocs\rspg\controllers\TestController.php(39): app\models\TestSearch->search(Array)
#18 [internal function]: app\controllers\TestController->actionIndex()
#19 C:\xampp\htdocs\rspg\vendor\yiisoft\yii2\base\InlineAction.php(57): call_user_func_array(Array, Array)
#20 C:\xampp\htdocs\rspg\vendor\yiisoft\yii2\base\Controller.php(156): yii\base\InlineAction->runWithParams(Array)
#21 C:\xampp\htdocs\rspg\vendor\yiisoft\yii2\base\Module.php(523): yii\base\Controller->runAction('', Array)
#22 C:\xampp\htdocs\rspg\vendor\yiisoft\yii2\web\Application.php(102): yii\base\Module->runAction('test', Array)
#23 C:\xampp\htdocs\rspg\vendor\yiisoft\yii2\base\Application.php(380): yii\web\Application->handleRequest(Object(yii\web\Request))
#24 C:\xampp\htdocs\rspg\web\index.php(12): yii\base\Application->run()
#25 {main}

Next yii\db\Exception: SQLSTATE[HY000] [1049] Unknown database 'yii2basic' in C:\xampp\htdocs\rspg\vendor\yiisoft\yii2\db\Connection.php:584
Stack trace:
#0 C:\xampp\htdocs\rspg\vendor\yiisoft\yii2\db\Connection.php(928): yii\db\Connection->open()
#1 C:\xampp\htdocs\rspg\vendor\yiisoft\yii2\db\Connection.php(915): yii\db\Connection->getMasterPdo()
#2 C:\xampp\htdocs\rspg\vendor\yiisoft\yii2\db\Command.php(219): yii\db\Connection->getSlavePdo()
#3 C:\xampp\htdocs\rspg\vendor\yiisoft\yii2\db\Command.php(910): yii\db\Command->prepare(true)
#4 C:\xampp\htdocs\rspg\vendor\yiisoft\yii2\db\Command.php(362): yii\db\Command->queryInternal('fetchAll', NULL)
#5 C:\xampp\htdocs\rspg\vendor\yiisoft\yii2\db\mysql\Schema.php(199): yii\db\Command->queryAll()
#6 C:\xampp\htdocs\rspg\vendor\yiisoft\yii2\db\mysql\Schema.php(98): yii\db\mysql\Schema->findColumns(Object(yii\db\TableSchema))
#7 C:\xampp\htdocs\rspg\vendor\yiisoft\yii2\db\Schema.php(152): yii\db\mysql\Schema->loadTableSchema('test')
#8 C:\xampp\htdocs\rspg\vendor\yiisoft\yii2\db\ActiveRecord.php(330): yii\db\Schema->getTableSchema('test')
#9 C:\xampp\htdocs\rspg\vendor\yiisoft\yii2\db\ActiveRecord.php(364): yii\db\ActiveRecord::getTableSchema()
#10 C:\xampp\htdocs\rspg\vendor\yiisoft\yii2\db\BaseActiveRecord.php(472): yii\db\ActiveRecord->attributes()
#11 C:\xampp\htdocs\rspg\vendor\yiisoft\yii2\db\BaseActiveRecord.php(279): yii\db\BaseActiveRecord->hasAttribute('id')
#12 C:\xampp\htdocs\rspg\vendor\yiisoft\yii2\validators\Validator.php(263): yii\db\BaseActiveRecord->__get('id')
#13 C:\xampp\htdocs\rspg\vendor\yiisoft\yii2\base\Model.php(358): yii\validators\Validator->validateAttributes(Object(app\models\TestSearch), Array)
#14 C:\xampp\htdocs\rspg\models\TestSearch.php(54): yii\base\Model->validate()
#15 C:\xampp\htdocs\rspg\controllers\TestController.php(39): app\models\TestSearch->search(Array)
#16 [internal function]: app\controllers\TestController->actionIndex()
#17 C:\xampp\htdocs\rspg\vendor\yiisoft\yii2\base\InlineAction.php(57): call_user_func_array(Array, Array)
#18 C:\xampp\htdocs\rspg\vendor\yiisoft\yii2\base\Controller.php(156): yii\base\InlineAction->runWithParams(Array)
#19 C:\xampp\htdocs\rspg\vendor\yiisoft\yii2\base\Module.php(523): yii\base\Controller->runAction('', Array)
#20 C:\xampp\htdocs\rspg\vendor\yiisoft\yii2\web\Application.php(102): yii\base\Module->runAction('test', Array)
#21 C:\xampp\htdocs\rspg\vendor\yiisoft\yii2\base\Application.php(380): yii\web\Application->handleRequest(Object(yii\web\Request))
#22 C:\xampp\htdocs\rspg\web\index.php(12): yii\base\Application->run()
#23 {main}
Additional Information:

2017-06-19 06:48:00 [::1][-][-][info][application] $_COOKIE = [
    'PHPSESSID' => 't84dg6h8a5jfq9ohli2asnd361'
    '_csrf' => '61be3783b9150a74b35cb60fa76a726814669b7dc4ed7e5b7f820bc159157fd2a:2:{i:0;s:5:\"_csrf\";i:1;s:32:\"õ•H6½(ý);.«3:GX<÷!
¦¡”2[ÇKÒ4`’I\";}'
]

$_SERVER = [
    'REDIRECT_MIBDIRS' => 'C:/xampp/php/extras/mibs'
    'REDIRECT_MYSQL_HOME' => '\\xampp\\mysql\\bin'
    'REDIRECT_OPENSSL_CONF' => 'C:/xampp/apache/bin/openssl.cnf'
    'REDIRECT_PHP_PEAR_SYSCONF_DIR' => '\\xampp\\php'
    'REDIRECT_PHPRC' => '\\xampp\\php'
    'REDIRECT_TMP' => '\\xampp\\tmp'
    'REDIRECT_STATUS' => '200'
    'MIBDIRS' => 'C:/xampp/php/extras/mibs'
    'MYSQL_HOME' => '\\xampp\\mysql\\bin'
    'OPENSSL_CONF' => 'C:/xampp/apache/bin/openssl.cnf'
    'PHP_PEAR_SYSCONF_DIR' => '\\xampp\\php'
    'PHPRC' => '\\xampp\\php'
    'TMP' => '\\xampp\\tmp'
    'HTTP_HOST' => 'localhost'
    'HTTP_USER_AGENT' => 'Mozilla/5.0 (Windows NT 10.0; Win64; x64; rv:53.0) Gecko/20100101 Firefox/53.0.3 Waterfox/53.0.3'
    'HTTP_ACCEPT' => 'text/html,application/xhtml+xml,application/xml;q=0.9,*/*;q=0.8'
    'HTTP_ACCEPT_LANGUAGE' => 'en-US,en;q=0.5'
    'HTTP_ACCEPT_ENCODING' => 'gzip, deflate'
    'HTTP_REFERER' => 'http://localhost/rspg/web/'
    'HTTP_COOKIE' => 'PHPSESSID=t84dg6h8a5jfq9ohli2asnd361; _csrf=61be3783b9150a74b35cb60fa76a726814669b7dc4ed7e5b7f820bc159157fd2a%3A2%3A%7Bi%3A0%3Bs%3A5%3A%22_csrf%22%3Bi%3A1%3Bs%3A32%3A%22%F5%95H6%BD%28%FD%29%3B.%AB3%0C%3AGX%3C%F7%21%0A%A6%A1%942%5B%C7K%D24%60%92I%22%3B%7D'
    'HTTP_CONNECTION' => 'keep-alive'
    'HTTP_UPGRADE_INSECURE_REQUESTS' => '1'
    'PATH' => 'C:\\Program Files\\Docker\\Docker\\Resources\\bin;C:\\ProgramData\\Oracle\\Java\\javapath;C:\\Windows\\system32;C:\\Windows;C:\\Windows\\System32\\Wbem;C:\\Windows\\System32\\WindowsPowerShell\\v1.0\\;C:\\Program Files (x86)\\NVIDIA Corporation\\PhysX\\Common;C:\\WINDOWS\\system32;C:\\WINDOWS;C:\\WINDOWS\\System32\\Wbem;C:\\WINDOWS\\System32\\WindowsPowerShell\\v1.0\\;C:\\Program Files (x86)\\GtkSharp\\2.12\\bin;C:\\Program Files (x86)\\Microsoft ASP.NET\\ASP.NET Web Pages\\v1.0\\;C:\\Program Files (x86)\\Windows Kits\\8.0\\Windows Performance Toolkit\\;C:\\Program Files\\Microsoft SQL Server\\110\\Tools\\Binn\\;C:\\Program Files\\Microsoft\\Web Platform Installer\\;C:\\Program Files\\dotnet\\;C:\\Program Files\\Microsoft DNX\\Dnvm\\;C:\\Python27;C:\\Python27\\Scripts;C:\\Program Files (x86)\\Google\\Chrome\\Application;C:\\Program Files (x86)\\Java\\jre1.8.0_121\\bin;C:\\Program Files\\Java\\jdk1.8.0_121\\bin;C:\\apache-maven-3.3.9\\bin;C:\\Program Files\\Git\\cmd;D:\\Program Files\\MATLAB\\R2014a\\runtime\\win64;D:\\Program Files\\MATLAB\\R2014a\\bin;D:\\Program Files\\MATLAB\\R2014a\\polyspace\\bin;C:\\ProgramData\\ComposerSetup\\bin;C:\\xampp\\php;C:\\Users\\AniamK\\AppData\\Local\\Microsoft\\WindowsApps;;C:\\Program Files (x86)\\Microsoft VS Code\\bin;C:\\Users\\AniamK\\AppData\\Roaming\\Composer\\vendor\\bin'
    'SystemRoot' => 'C:\\WINDOWS'
    'COMSPEC' => 'C:\\WINDOWS\\system32\\cmd.exe'
    'PATHEXT' => '.COM;.EXE;.BAT;.CMD;.VBS;.VBE;.JS;.JSE;.WSF;.WSH;.MSC;.PY;.PYW'
    'WINDIR' => 'C:\\WINDOWS'
    'SERVER_SIGNATURE' => '<address>Apache/2.4.25 (Win32) OpenSSL/1.0.2j PHP/7.1.4 Server at localhost Port 80</address>
'
    'SERVER_SOFTWARE' => 'Apache/2.4.25 (Win32) OpenSSL/1.0.2j PHP/7.1.4'
    'SERVER_NAME' => 'localhost'
    'SERVER_ADDR' => '::1'
    'SERVER_PORT' => '80'
    'REMOTE_ADDR' => '::1'
    'DOCUMENT_ROOT' => 'C:/xampp/htdocs'
    'REQUEST_SCHEME' => 'http'
    'CONTEXT_PREFIX' => ''
    'CONTEXT_DOCUMENT_ROOT' => 'C:/xampp/htdocs'
    'SERVER_ADMIN' => 'postmaster@localhost'
    'SCRIPT_FILENAME' => 'C:/xampp/htdocs/rspg/web/index.php'
    'REMOTE_PORT' => '50126'
    'REDIRECT_URL' => '/rspg/web/test'
    'GATEWAY_INTERFACE' => 'CGI/1.1'
    'SERVER_PROTOCOL' => 'HTTP/1.1'
    'REQUEST_METHOD' => 'GET'
    'QUERY_STRING' => ''
    'REQUEST_URI' => '/rspg/web/test'
    'SCRIPT_NAME' => '/rspg/web/index.php'
    'PHP_SELF' => '/rspg/web/index.php'
    'REQUEST_TIME_FLOAT' => 1497847680.929
    'REQUEST_TIME' => 1497847680
]
2017-06-19 06:48:01 [::1][-][-][error][yii\web\Session::open] session_start(): Cannot send session cache limiter - headers already sent (output started at C:\xampp\htdocs\rspg\vendor\yiisoft\yii2\web\Response.php:412)
2017-06-19 06:48:00 [::1][-][-][info][application] $_COOKIE = [
    'PHPSESSID' => 't84dg6h8a5jfq9ohli2asnd361'
    '_csrf' => '61be3783b9150a74b35cb60fa76a726814669b7dc4ed7e5b7f820bc159157fd2a:2:{i:0;s:5:\"_csrf\";i:1;s:32:\"õ•H6½(ý);.«3:GX<÷!
¦¡”2[ÇKÒ4`’I\";}'
]

$_SESSION = [
    '__flash' => []
]

$_SERVER = [
    'REDIRECT_MIBDIRS' => 'C:/xampp/php/extras/mibs'
    'REDIRECT_MYSQL_HOME' => '\\xampp\\mysql\\bin'
    'REDIRECT_OPENSSL_CONF' => 'C:/xampp/apache/bin/openssl.cnf'
    'REDIRECT_PHP_PEAR_SYSCONF_DIR' => '\\xampp\\php'
    'REDIRECT_PHPRC' => '\\xampp\\php'
    'REDIRECT_TMP' => '\\xampp\\tmp'
    'REDIRECT_STATUS' => '200'
    'MIBDIRS' => 'C:/xampp/php/extras/mibs'
    'MYSQL_HOME' => '\\xampp\\mysql\\bin'
    'OPENSSL_CONF' => 'C:/xampp/apache/bin/openssl.cnf'
    'PHP_PEAR_SYSCONF_DIR' => '\\xampp\\php'
    'PHPRC' => '\\xampp\\php'
    'TMP' => '\\xampp\\tmp'
    'HTTP_HOST' => 'localhost'
    'HTTP_USER_AGENT' => 'Mozilla/5.0 (Windows NT 10.0; Win64; x64; rv:53.0) Gecko/20100101 Firefox/53.0.3 Waterfox/53.0.3'
    'HTTP_ACCEPT' => 'text/html,application/xhtml+xml,application/xml;q=0.9,*/*;q=0.8'
    'HTTP_ACCEPT_LANGUAGE' => 'en-US,en;q=0.5'
    'HTTP_ACCEPT_ENCODING' => 'gzip, deflate'
    'HTTP_REFERER' => 'http://localhost/rspg/web/'
    'HTTP_COOKIE' => 'PHPSESSID=t84dg6h8a5jfq9ohli2asnd361; _csrf=61be3783b9150a74b35cb60fa76a726814669b7dc4ed7e5b7f820bc159157fd2a%3A2%3A%7Bi%3A0%3Bs%3A5%3A%22_csrf%22%3Bi%3A1%3Bs%3A32%3A%22%F5%95H6%BD%28%FD%29%3B.%AB3%0C%3AGX%3C%F7%21%0A%A6%A1%942%5B%C7K%D24%60%92I%22%3B%7D'
    'HTTP_CONNECTION' => 'keep-alive'
    'HTTP_UPGRADE_INSECURE_REQUESTS' => '1'
    'PATH' => 'C:\\Program Files\\Docker\\Docker\\Resources\\bin;C:\\ProgramData\\Oracle\\Java\\javapath;C:\\Windows\\system32;C:\\Windows;C:\\Windows\\System32\\Wbem;C:\\Windows\\System32\\WindowsPowerShell\\v1.0\\;C:\\Program Files (x86)\\NVIDIA Corporation\\PhysX\\Common;C:\\WINDOWS\\system32;C:\\WINDOWS;C:\\WINDOWS\\System32\\Wbem;C:\\WINDOWS\\System32\\WindowsPowerShell\\v1.0\\;C:\\Program Files (x86)\\GtkSharp\\2.12\\bin;C:\\Program Files (x86)\\Microsoft ASP.NET\\ASP.NET Web Pages\\v1.0\\;C:\\Program Files (x86)\\Windows Kits\\8.0\\Windows Performance Toolkit\\;C:\\Program Files\\Microsoft SQL Server\\110\\Tools\\Binn\\;C:\\Program Files\\Microsoft\\Web Platform Installer\\;C:\\Program Files\\dotnet\\;C:\\Program Files\\Microsoft DNX\\Dnvm\\;C:\\Python27;C:\\Python27\\Scripts;C:\\Program Files (x86)\\Google\\Chrome\\Application;C:\\Program Files (x86)\\Java\\jre1.8.0_121\\bin;C:\\Program Files\\Java\\jdk1.8.0_121\\bin;C:\\apache-maven-3.3.9\\bin;C:\\Program Files\\Git\\cmd;D:\\Program Files\\MATLAB\\R2014a\\runtime\\win64;D:\\Program Files\\MATLAB\\R2014a\\bin;D:\\Program Files\\MATLAB\\R2014a\\polyspace\\bin;C:\\ProgramData\\ComposerSetup\\bin;C:\\xampp\\php;C:\\Users\\AniamK\\AppData\\Local\\Microsoft\\WindowsApps;;C:\\Program Files (x86)\\Microsoft VS Code\\bin;C:\\Users\\AniamK\\AppData\\Roaming\\Composer\\vendor\\bin'
    'SystemRoot' => 'C:\\WINDOWS'
    'COMSPEC' => 'C:\\WINDOWS\\system32\\cmd.exe'
    'PATHEXT' => '.COM;.EXE;.BAT;.CMD;.VBS;.VBE;.JS;.JSE;.WSF;.WSH;.MSC;.PY;.PYW'
    'WINDIR' => 'C:\\WINDOWS'
    'SERVER_SIGNATURE' => '<address>Apache/2.4.25 (Win32) OpenSSL/1.0.2j PHP/7.1.4 Server at localhost Port 80</address>
'
    'SERVER_SOFTWARE' => 'Apache/2.4.25 (Win32) OpenSSL/1.0.2j PHP/7.1.4'
    'SERVER_NAME' => 'localhost'
    'SERVER_ADDR' => '::1'
    'SERVER_PORT' => '80'
    'REMOTE_ADDR' => '::1'
    'DOCUMENT_ROOT' => 'C:/xampp/htdocs'
    'REQUEST_SCHEME' => 'http'
    'CONTEXT_PREFIX' => ''
    'CONTEXT_DOCUMENT_ROOT' => 'C:/xampp/htdocs'
    'SERVER_ADMIN' => 'postmaster@localhost'
    'SCRIPT_FILENAME' => 'C:/xampp/htdocs/rspg/web/index.php'
    'REMOTE_PORT' => '50126'
    'REDIRECT_URL' => '/rspg/web/test'
    'GATEWAY_INTERFACE' => 'CGI/1.1'
    'SERVER_PROTOCOL' => 'HTTP/1.1'
    'REQUEST_METHOD' => 'GET'
    'QUERY_STRING' => ''
    'REQUEST_URI' => '/rspg/web/test'
    'SCRIPT_NAME' => '/rspg/web/index.php'
    'PHP_SELF' => '/rspg/web/index.php'
    'REQUEST_TIME_FLOAT' => 1497847680.929
    'REQUEST_TIME' => 1497847680
]
